<?xml version="1.0" encoding="UTF-8"?>
<testsuite xmlns:xsi="http://www.w3.org/2001/XMLSchema-instance" xsi:noNamespaceSchemaLocation="https://maven.apache.org/surefire/maven-surefire-plugin/xsd/surefire-test-report-3.0.xsd" version="3.0" name="Login functionality" time="10.264" tests="1" errors="0" skipped="0" failures="0">
  <properties>
[...]
</properties>
  <testcase name="Login Successful" classname="Login functionality" time="10.264">
    <system-out><![CDATA[┌───────────────────────────────────────────────────────────────────────────────────┐
│ Share your Cucumber Report with your team at https://reports.cucumber.io          │
│ Activate publishing with one of the following:                                    │
│                                                                                   │
│ src/test/resources/cucumber.properties:          cucumber.publish.enabled=true    │
│ src/test/resources/junit-platform.properties:    cucumber.publish.enabled=true    │
│ Environment variable:                            CUCUMBER_PUBLISH_ENABLED=true    │
│ JUnit:                                           @CucumberOptions(publish = true) │
│                                                                                   │
│ More information at https://cucumber.io/docs/cucumber/environment-variables/      │
│                                                                                   │
│ Disable this message with one of the following:                                   │
│                                                                                   │
│ src/test/resources/cucumber.properties:          cucumber.publish.quiet=true      │
│ src/test/resources/junit-platform.properties:    cucumber.publish.quiet=true      │
└───────────────────────────────────────────────────────────────────────────────────┘


@SanityTest
Scenario: Login Successful                                         # src/test/resources/features/Login.feature:4
I AM HERE -----BEFORE DRIVER IS CREATED
THIS IS THE ORIGINAL DRIVER -----DRIVER IS CREATEDChromeDriver: chrome on WINDOWS (14d266d312f2ec827ea6f62302a33586)
THIS IS THE DRIVER SETChromeDriver: chrome on WINDOWS (14d266d312f2ec827ea6f62302a33586)
I AM HERE -----SET DRIVER IS CALLED
I AM HERE -----BEFORE GETTING THE URL
  Given the user is on the login page of the Para Bank application # stepDefinitions.LoginSteps.the_user_is_on_the_login_page_of_the_para_bank_application()
  When the user enters the credentials                             # stepDefinitions.LoginSteps.the_user_enters_the_credentials()
  And the user logs in                                             # stepDefinitions.LoginSteps.the_user_logs_in()
  Then the user is on the home page                                # stepDefinitions.LoginSteps.the_user_is_on_the_home_page()
Closing the browser
]]></system-out>
    <system-err><![CDATA[[main] INFO io.github.bonigarcia.wdm.WebDriverManager - Using chromedriver 96.0.4664.45 (resolved driver for Chrome 96)
[main] INFO io.github.bonigarcia.wdm.WebDriverManager - Exporting webdriver.chrome.driver as C:\Users\ajish.puthanthara\.cache\selenium\chromedriver\win32\96.0.4664.45\chromedriver.exe
Starting ChromeDriver 96.0.4664.45 (76e4c1bb2ab4671b8beba3444e61c0f17584b2fc-refs/branch-heads/4664@{#947}) on port 59847
Only local connections are allowed.
Please see https://chromedriver.chromium.org/security-considerations for suggestions on keeping ChromeDriver safe.
ChromeDriver was started successfully.
déc. 10, 2021 5:30:59 PM org.openqa.selenium.remote.ProtocolHandshake createSession
INFO: Detected dialect: W3C
déc. 10, 2021 5:30:59 PM org.openqa.selenium.devtools.CdpVersionFinder findNearestMatch
WARNING: Unable to find an exact match for CDP version 96, so returning the closest version found: 95
déc. 10, 2021 5:30:59 PM org.openqa.selenium.devtools.CdpVersionFinder findNearestMatch
INFO: Found CDP implementation for version 96 of 95
]]></system-err>
  </testcase>
</testsuite>